<?xml version="1.0" encoding="UTF-8"?>
<!-- Generated by org.testng.reporters.JUnitReportReporter -->
<testsuite hostname="DESKTOP-A91QGQ6" failures="0" tests="1" name="OrangeHRM.TestCases.EmployeeRegTest" time="6.386" errors="0" timestamp="2024-09-28T13:52:20 IST" skipped="0">
  <testcase classname="OrangeHRM.TestCases.EmployeeRegTest" name="checkempReg" time="6.386"/>
  <system-out/>
</testsuite> <!-- OrangeHRM.TestCases.EmployeeRegTest -->
