<?xml version="1.0" encoding="UTF-8"?>
<!-- Generated by org.testng.reporters.JUnitReportReporter -->
<testsuite hostname="DESKTOP-A91QGQ6" failures="0" tests="1" name="OrangeHRM.TestCases.AdminLoginTestWithValidCredentials" time="8.443" errors="0" timestamp="2024-09-28T13:52:20 IST" skipped="0">
  <testcase classname="OrangeHRM.TestCases.AdminLoginTestWithValidCredentials" name="CheckAdminLogin" time="8.443"/>
  <system-out/>
</testsuite> <!-- OrangeHRM.TestCases.AdminLoginTestWithValidCredentials -->
